[0822/132836.236:ERROR:process_memory_win.cc(73)] ReadMemory at 0x13f600000 of 64 bytes failed: Only part of a ReadProcessMemory or WriteProcessMemory request was completed. (0x12B)
[0822/132836.879:WARNING:pe_image_reader.cc(340)] could not read dos header from C:\Program Files (x86)\Google\Chrome\Application\chrome.exe
[0822/132836.880:ERROR:process_memory_win.cc(73)] ReadMemory at 0x77050000 of 64 bytes failed: Only part of a ReadProcessMemory or WriteProcessMemory request was completed. (0x12B)
[0822/132836.880:WARNING:pe_image_reader.cc(340)] could not read dos header from C:\Windows\SYSTEM32\ntdll.dll
[0822/132836.880:ERROR:process_memory_win.cc(73)] ReadMemory at 0x76f30000 of 64 bytes failed: Only part of a ReadProcessMemory or WriteProcessMemory request was completed. (0x12B)
[0822/132836.881:WARNING:pe_image_reader.cc(340)] could not read dos header from C:\Windows\system32\kernel32.dll
[0822/132836.881:ERROR:process_memory_win.cc(73)] ReadMemory at 0x7fefd270000 of 64 bytes failed: Only part of a ReadProcessMemory or WriteProcessMemory request was completed. (0x12B)
[0822/132836.881:WARNING:pe_image_reader.cc(340)] could not read dos header from C:\Windows\system32\KERNELBASE.dll
[0822/132836.881:ERROR:process_memory_win.cc(73)] ReadMemory at 0x7fef4760000 of 64 bytes failed: Only part of a ReadProcessMemory or WriteProcessMemory request was completed. (0x12B)
[0822/132836.881:WARNING:pe_image_reader.cc(340)] could not read dos header from C:\Program Files (x86)\Google\Chrome\Application\76.0.3809.100\chrome_elf.dll
[0822/132836.881:ERROR:process_memory_win.cc(73)] ReadMemory at 0x7fefc120000 of 64 bytes failed: Only part of a ReadProcessMemory or WriteProcessMemory request was completed. (0x12B)
[0822/132836.882:WARNING:pe_image_reader.cc(340)] could not read dos header from C:\Windows\system32\VERSION.dll
[0822/132836.882:ERROR:process_memory_win.cc(73)] ReadMemory at 0x7fefd380000 of 64 bytes failed: Only part of a ReadProcessMemory or WriteProcessMemory request was completed. (0x12B)
[0822/132836.882:WARNING:pe_image_reader.cc(340)] could not read dos header from C:\Windows\system32\msvcrt.dll
[0822/132836.882:ERROR:process_memory_win.cc(73)] ReadMemory at 0x7fefe3d0000 of 64 bytes failed: Only part of a ReadProcessMemory or WriteProcessMemory request was completed. (0x12B)
[0822/132836.882:WARNING:pe_image_reader.cc(340)] could not read dos header from C:\Windows\system32\SHELL32.dll
[0822/132836.882:ERROR:process_memory_win.cc(73)] ReadMemory at 0x7fefe1f0000 of 64 bytes failed: Only part of a ReadProcessMemory or WriteProcessMemory request was completed. (0x12B)
[0822/132836.882:WARNING:pe_image_reader.cc(340)] could not read dos header from C:\Windows\system32\SHLWAPI.dll
[0822/132836.883:ERROR:process_memory_win.cc(73)] ReadMemory at 0x7fefd550000 of 64 bytes failed: Only part of a ReadProcessMemory or WriteProcessMemory request was completed. (0x12B)
[0822/132836.883:WARNING:pe_image_reader.cc(340)] could not read dos header from C:\Windows\system32\GDI32.dll
[0822/132836.883:ERROR:process_memory_win.cc(73)] ReadMemory at 0x76e30000 of 64 bytes failed: Only part of a ReadProcessMemory or WriteProcessMemory request was completed. (0x12B)
[0822/132836.883:WARNING:pe_image_reader.cc(340)] could not read dos header from C:\Windows\system32\USER32.dll
[0822/132836.883:ERROR:process_memory_win.cc(73)] ReadMemory at 0x7fefd5c0000 of 64 bytes failed: Only part of a ReadProcessMemory or WriteProcessMemory request was completed. (0x12B)
[0822/132836.883:WARNING:pe_image_reader.cc(340)] could not read dos header from C:\Windows\system32\LPK.dll
[0822/132836.884:ERROR:process_memory_win.cc(73)] ReadMemory at 0x7fefd700000 of 64 bytes failed: Only part of a ReadProcessMemory or WriteProcessMemory request was completed. (0x12B)
[0822/132836.884:WARNING:pe_image_reader.cc(340)] could not read dos header from C:\Windows\system32\USP10.dll
[0822/132836.884:ERROR:process_memory_win.cc(73)] ReadMemory at 0x7fefe170000 of 64 bytes failed: Only part of a ReadProcessMemory or WriteProcessMemory request was completed. (0x12B)
[0822/132836.884:WARNING:pe_image_reader.cc(340)] could not read dos header from C:\Windows\system32\IMM32.DLL
[0822/132836.884:ERROR:process_memory_win.cc(73)] ReadMemory at 0x7fefd440000 of 64 bytes failed: Only part of a ReadProcessMemory or WriteProcessMemory request was completed. (0x12B)
[0822/132836.884:WARNING:pe_image_reader.cc(340)] could not read dos header from C:\Windows\system32\MSCTF.dll
[0822/132836.885:ERROR:process_memory_win.cc(73)] ReadMemory at 0x7fef8870000 of 64 bytes failed: Only part of a ReadProcessMemory or WriteProcessMemory request was completed. (0x12B)
[0822/132836.885:WARNING:pe_image_reader.cc(340)] could not read dos header from C:\Windows\system32\WINMM.dll
[0822/132836.885:ERROR:process_memory_win.cc(73)] ReadMemory at 0x7fefe270000 of 64 bytes failed: Only part of a ReadProcessMemory or WriteProcessMemory request was completed. (0x12B)
[0822/132836.885:WARNING:pe_image_reader.cc(340)] could not read dos header from C:\Windows\system32\ADVAPI32.dll
[0822/132836.885:ERROR:process_memory_win.cc(73)] ReadMemory at 0x7feff340000 of 64 bytes failed: Only part of a ReadProcessMemory or WriteProcessMemory request was completed. (0x12B)
[0822/132836.885:WARNING:pe_image_reader.cc(340)] could not read dos header from C:\Windows\SYSTEM32\sechost.dll
[0822/132836.885:ERROR:process_memory_win.cc(73)] ReadMemory at 0x7fefd5d0000 of 64 bytes failed: Only part of a ReadProcessMemory or WriteProcessMemory request was completed. (0x12B)
[0822/132836.886:WARNING:pe_image_reader.cc(340)] could not read dos header from C:\Windows\system32\RPCRT4.dll
[0822/132836.886:ERROR:process_memory_win.cc(73)] ReadMemory at 0x7fede400000 of 64 bytes failed: Only part of a ReadProcessMemory or WriteProcessMemory request was completed. (0x12B)
[0822/132836.886:WARNING:pe_image_reader.cc(340)] could not read dos header from C:\Program Files (x86)\Google\Chrome\Application\76.0.3809.100\chrome_child.dll
[0822/132836.886:ERROR:process_memory_win.cc(73)] ReadMemory at 0x7fefe080000 of 64 bytes failed: Only part of a ReadProcessMemory or WriteProcessMemory request was completed. (0x12B)
[0822/132836.886:WARNING:pe_image_reader.cc(340)] could not read dos header from C:\Windows\system32\OLEAUT32.dll
[0822/132836.886:ERROR:process_memory_win.cc(73)] ReadMemory at 0x7fefde70000 of 64 bytes failed: Only part of a ReadProcessMemory or WriteProcessMemory request was completed. (0x12B)
[0822/132836.886:WARNING:pe_image_reader.cc(340)] could not read dos header from C:\Windows\system32\ole32.dll
[0822/132836.887:ERROR:process_memory_win.cc(73)] ReadMemory at 0x7fefda30000 of 64 bytes failed: Only part of a ReadProcessMemory or WriteProcessMemory request was completed. (0x12B)
[0822/132836.887:WARNING:pe_image_reader.cc(340)] could not read dos header from C:\Windows\system32\WS2_32.dll
[0822/132836.887:ERROR:process_memory_win.cc(73)] ReadMemory at 0x7fefe160000 of 64 bytes failed: Only part of a ReadProcessMemory or WriteProcessMemory request was completed. (0x12B)
[0822/132836.887:WARNING:pe_image_reader.cc(340)] could not read dos header from C:\Windows\system32\NSI.dll
[0822/132836.887:ERROR:process_memory_win.cc(73)] ReadMemory at 0x7fefa9c0000 of 64 bytes failed: Only part of a ReadProcessMemory or WriteProcessMemory request was completed. (0x12B)
[0822/132836.887:WARNING:pe_image_reader.cc(340)] could not read dos header from C:\Windows\system32\IPHLPAPI.DLL
[0822/132836.888:ERROR:process_memory_win.cc(73)] ReadMemory at 0x7fefa9b0000 of 64 bytes failed: Only part of a ReadProcessMemory or WriteProcessMemory request was completed. (0x12B)
[0822/132836.888:WARNING:pe_image_reader.cc(340)] could not read dos header from C:\Windows\system32\WINNSI.DLL
[0822/132836.888:ERROR:process_memory_win.cc(73)] ReadMemory at 0x7fefd320000 of 64 bytes failed: Only part of a ReadProcessMemory or WriteProcessMemory request was completed. (0x12B)
[0822/132836.888:WARNING:pe_image_reader.cc(340)] could not read dos header from C:\Windows\system32\WINTRUST.dll
[0822/132836.888:ERROR:process_memory_win.cc(73)] ReadMemory at 0x7fefd100000 of 64 bytes failed: Only part of a ReadProcessMemory or WriteProcessMemory request was completed. (0x12B)
[0822/132836.888:WARNING:pe_image_reader.cc(340)] could not read dos header from C:\Windows\system32\CRYPT32.dll
[0822/132836.889:ERROR:process_memory_win.cc(73)] ReadMemory at 0x7fefd050000 of 64 bytes failed: Only part of a ReadProcessMemory or WriteProcessMemory request was completed. (0x12B)
[0822/132836.889:WARNING:pe_image_reader.cc(340)] could not read dos header from C:\Windows\system32\MSASN1.dll
[0822/132836.889:ERROR:process_memory_win.cc(73)] ReadMemory at 0x7fefc2f0000 of 64 bytes failed: Only part of a ReadProcessMemory or WriteProcessMemory request was completed. (0x12B)
[0822/132836.889:WARNING:pe_image_reader.cc(340)] could not read dos header from C:\Windows\system32\USERENV.dll
[0822/132836.889:ERROR:process_memory_win.cc(73)] ReadMemory at 0x7fefcfb0000 of 64 bytes failed: Only part of a ReadProcessMemory or WriteProcessMemory request was completed. (0x12B)
[0822/132836.890:WARNING:pe_image_reader.cc(340)] could not read dos header from C:\Windows\system32\profapi.dll
[0822/132836.890:ERROR:process_memory_win.cc(73)] ReadMemory at 0x7fef4cb0000 of 64 bytes failed: Only part of a ReadProcessMemory or WriteProcessMemory request was completed. (0x12B)
[0822/132836.890:WARNING:pe_image_reader.cc(340)] could not read dos header from C:\Windows\system32\DWrite.dll
[0822/132836.890:ERROR:process_memory_win.cc(73)] ReadMemory at 0x7fef98f0000 of 64 bytes failed: Only part of a ReadProcessMemory or WriteProcessMemory request was completed. (0x12B)
[0822/132836.890:WARNING:pe_image_reader.cc(340)] could not read dos header from C:\Windows\system32\WINSPOOL.DRV
[0822/132836.890:ERROR:process_memory_win.cc(73)] ReadMemory at 0x7fef39a0000 of 64 bytes failed: Only part of a ReadProcessMemory or WriteProcessMemory request was completed. (0x12B)
[0822/132836.891:WARNING:pe_image_reader.cc(340)] could not read dos header from C:\Windows\system32\dbghelp.dll
[0822/132836.891:ERROR:process_memory_win.cc(73)] ReadMemory at 0x7fef8f00000 of 64 bytes failed: Only part of a ReadProcessMemory or WriteProcessMemory request was completed. (0x12B)
[0822/132836.891:WARNING:pe_image_reader.cc(340)] could not read dos header from C:\Windows\system32\WINHTTP.dll
[0822/132836.891:ERROR:process_memory_win.cc(73)] ReadMemory at 0x7fef8e90000 of 64 bytes failed: Only part of a ReadProcessMemory or WriteProcessMemory request was completed. (0x12B)
[0822/132836.891:WARNING:pe_image_reader.cc(340)] could not read dos header from C:\Windows\system32\webio.dll
[0822/132836.892:ERROR:process_memory_win.cc(73)] ReadMemory at 0x7fefce20000 of 64 bytes failed: Only part of a ReadProcessMemory or WriteProcessMemory request was completed. (0x12B)
[0822/132836.892:WARNING:pe_image_reader.cc(340)] could not read dos header from C:\Windows\system32\Secur32.dll
[0822/132836.892:ERROR:process_memory_win.cc(73)] ReadMemory at 0x7fefce50000 of 64 bytes failed: Only part of a ReadProcessMemory or WriteProcessMemory request was completed. (0x12B)
[0822/132836.893:WARNING:pe_image_reader.cc(340)] could not read dos header from C:\Windows\system32\SSPICLI.DLL
[0822/132836.893:ERROR:process_memory_win.cc(73)] ReadMemory at 0x7fefa7c0000 of 64 bytes failed: Only part of a ReadProcessMemory or WriteProcessMemory request was completed. (0x12B)
[0822/132836.893:WARNING:pe_image_reader.cc(340)] could not read dos header from C:\Windows\system32\dhcpcsvc.DLL
[0822/132836.893:ERROR:process_memory_win.cc(73)] ReadMemory at 0x7fefcee0000 of 64 bytes failed: Only part of a ReadProcessMemory or WriteProcessMemory request was completed. (0x12B)
[0822/132836.893:WARNING:pe_image_reader.cc(340)] could not read dos header from C:\Windows\system32\cryptbase.dll
[0822/132836.894:ERROR:process_memory_win.cc(73)] ReadMemory at 0x7fefb880000 of 64 bytes failed: Only part of a ReadProcessMemory or WriteProcessMemory request was completed. (0x12B)
[0822/132836.894:WARNING:pe_image_reader.cc(340)] could not read dos header from C:\Windows\system32\uxtheme.dll
[0822/132836.894:ERROR:process_memory_win.cc(73)] ReadMemory at 0x13f600000 of 64 bytes failed: Only part of a ReadProcessMemory or WriteProcessMemory request was completed. (0x12B)
[0822/132836.894:WARNING:pe_image_reader.cc(340)] could not read dos header from C:\Program Files (x86)\Google\Chrome\Application\chrome.exe
[0822/132836.894:ERROR:process_memory_win.cc(73)] ReadMemory at 0x77050000 of 64 bytes failed: Only part of a ReadProcessMemory or WriteProcessMemory request was completed. (0x12B)
[0822/132836.895:WARNING:pe_image_reader.cc(340)] could not read dos header from C:\Windows\SYSTEM32\ntdll.dll
[0822/132836.895:ERROR:process_memory_win.cc(73)] ReadMemory at 0x76f30000 of 64 bytes failed: Only part of a ReadProcessMemory or WriteProcessMemory request was completed. (0x12B)
[0822/132836.895:WARNING:pe_image_reader.cc(340)] could not read dos header from C:\Windows\system32\kernel32.dll
[0822/132836.895:ERROR:process_memory_win.cc(73)] ReadMemory at 0x7fefd270000 of 64 bytes failed: Only part of a ReadProcessMemory or WriteProcessMemory request was completed. (0x12B)
[0822/132836.895:WARNING:pe_image_reader.cc(340)] could not read dos header from C:\Windows\system32\KERNELBASE.dll
[0822/132836.895:ERROR:process_memory_win.cc(73)] ReadMemory at 0x7fef4760000 of 64 bytes failed: Only part of a ReadProcessMemory or WriteProcessMemory request was completed. (0x12B)
[0822/132836.895:WARNING:pe_image_reader.cc(340)] could not read dos header from C:\Program Files (x86)\Google\Chrome\Application\76.0.3809.100\chrome_elf.dll
[0822/132836.896:ERROR:process_memory_win.cc(73)] ReadMemory at 0x7fefc120000 of 64 bytes failed: Only part of a ReadProcessMemory or WriteProcessMemory request was completed. (0x12B)
[0822/132836.896:WARNING:pe_image_reader.cc(340)] could not read dos header from C:\Windows\system32\VERSION.dll
[0822/132836.896:ERROR:process_memory_win.cc(73)] ReadMemory at 0x7fefd380000 of 64 bytes failed: Only part of a ReadProcessMemory or WriteProcessMemory request was completed. (0x12B)
[0822/132836.896:WARNING:pe_image_reader.cc(340)] could not read dos header from C:\Windows\system32\msvcrt.dll
[0822/132836.896:ERROR:process_memory_win.cc(73)] ReadMemory at 0x7fefe3d0000 of 64 bytes failed: Only part of a ReadProcessMemory or WriteProcessMemory request was completed. (0x12B)
[0822/132836.896:WARNING:pe_image_reader.cc(340)] could not read dos header from C:\Windows\system32\SHELL32.dll
[0822/132836.896:ERROR:process_memory_win.cc(73)] ReadMemory at 0x7fefe1f0000 of 64 bytes failed: Only part of a ReadProcessMemory or WriteProcessMemory request was completed. (0x12B)
[0822/132836.897:WARNING:pe_image_reader.cc(340)] could not read dos header from C:\Windows\system32\SHLWAPI.dll
[0822/132836.897:ERROR:process_memory_win.cc(73)] ReadMemory at 0x7fefd550000 of 64 bytes failed: Only part of a ReadProcessMemory or WriteProcessMemory request was completed. (0x12B)
[0822/132836.897:WARNING:pe_image_reader.cc(340)] could not read dos header from C:\Windows\system32\GDI32.dll
[0822/132836.897:ERROR:process_memory_win.cc(73)] ReadMemory at 0x76e30000 of 64 bytes failed: Only part of a ReadProcessMemory or WriteProcessMemory request was completed. (0x12B)
[0822/132836.897:WARNING:pe_image_reader.cc(340)] could not read dos header from C:\Windows\system32\USER32.dll
[0822/132836.897:ERROR:process_memory_win.cc(73)] ReadMemory at 0x7fefd5c0000 of 64 bytes failed: Only part of a ReadProcessMemory or WriteProcessMemory request was completed. (0x12B)
[0822/132836.898:WARNING:pe_image_reader.cc(340)] could not read dos header from C:\Windows\system32\LPK.dll
[0822/132836.898:ERROR:process_memory_win.cc(73)] ReadMemory at 0x7fefd700000 of 64 bytes failed: Only part of a ReadProcessMemory or WriteProcessMemory request was completed. (0x12B)
[0822/132836.898:WARNING:pe_image_reader.cc(340)] could not read dos header from C:\Windows\system32\USP10.dll
[0822/132836.898:ERROR:process_memory_win.cc(73)] ReadMemory at 0x7fefe170000 of 64 bytes failed: Only part of a ReadProcessMemory or WriteProcessMemory request was completed. (0x12B)
[0822/132836.898:WARNING:pe_image_reader.cc(340)] could not read dos header from C:\Windows\system32\IMM32.DLL
[0822/132836.898:ERROR:process_memory_win.cc(73)] ReadMemory at 0x7fefd440000 of 64 bytes failed: Only part of a ReadProcessMemory or WriteProcessMemory request was completed. (0x12B)
[0822/132836.899:WARNING:pe_image_reader.cc(340)] could not read dos header from C:\Windows\system32\MSCTF.dll
[0822/132836.899:ERROR:process_memory_win.cc(73)] ReadMemory at 0x7fef8870000 of 64 bytes failed: Only part of a ReadProcessMemory or WriteProcessMemory request was completed. (0x12B)
[0822/132836.899:WARNING:pe_image_reader.cc(340)] could not read dos header from C:\Windows\system32\WINMM.dll
[0822/132836.899:ERROR:process_memory_win.cc(73)] ReadMemory at 0x7fefe270000 of 64 bytes failed: Only part of a ReadProcessMemory or WriteProcessMemory request was completed. (0x12B)
[0822/132836.899:WARNING:pe_image_reader.cc(340)] could not read dos header from C:\Windows\system32\ADVAPI32.dll
[0822/132836.899:ERROR:process_memory_win.cc(73)] ReadMemory at 0x7feff340000 of 64 bytes failed: Only part of a ReadProcessMemory or WriteProcessMemory request was completed. (0x12B)
[0822/132836.899:WARNING:pe_image_reader.cc(340)] could not read dos header from C:\Windows\SYSTEM32\sechost.dll
[0822/132836.900:ERROR:process_memory_win.cc(73)] ReadMemory at 0x7fefd5d0000 of 64 bytes failed: Only part of a ReadProcessMemory or WriteProcessMemory request was completed. (0x12B)
[0822/132836.900:WARNING:pe_image_reader.cc(340)] could not read dos header from C:\Windows\system32\RPCRT4.dll
[0822/132836.900:ERROR:process_memory_win.cc(73)] ReadMemory at 0x7fede400000 of 64 bytes failed: Only part of a ReadProcessMemory or WriteProcessMemory request was completed. (0x12B)
[0822/132836.900:WARNING:pe_image_reader.cc(340)] could not read dos header from C:\Program Files (x86)\Google\Chrome\Application\76.0.3809.100\chrome_child.dll
[0822/132836.900:ERROR:process_memory_win.cc(73)] ReadMemory at 0x7fefe080000 of 64 bytes failed: Only part of a ReadProcessMemory or WriteProcessMemory request was completed. (0x12B)
[0822/132836.900:WARNING:pe_image_reader.cc(340)] could not read dos header from C:\Windows\system32\OLEAUT32.dll
[0822/132836.901:ERROR:process_memory_win.cc(73)] ReadMemory at 0x7fefde70000 of 64 bytes failed: Only part of a ReadProcessMemory or WriteProcessMemory request was completed. (0x12B)
[0822/132836.901:WARNING:pe_image_reader.cc(340)] could not read dos header from C:\Windows\system32\ole32.dll
[0822/132836.901:ERROR:process_memory_win.cc(73)] ReadMemory at 0x7fefda30000 of 64 bytes failed: Only part of a ReadProcessMemory or WriteProcessMemory request was completed. (0x12B)
[0822/132836.901:WARNING:pe_image_reader.cc(340)] could not read dos header from C:\Windows\system32\WS2_32.dll
[0822/132836.901:ERROR:process_memory_win.cc(73)] ReadMemory at 0x7fefe160000 of 64 bytes failed: Only part of a ReadProcessMemory or WriteProcessMemory request was completed. (0x12B)
[0822/132836.901:WARNING:pe_image_reader.cc(340)] could not read dos header from C:\Windows\system32\NSI.dll
[0822/132836.902:ERROR:process_memory_win.cc(73)] ReadMemory at 0x7fefa9c0000 of 64 bytes failed: Only part of a ReadProcessMemory or WriteProcessMemory request was completed. (0x12B)
[0822/132836.902:WARNING:pe_image_reader.cc(340)] could not read dos header from C:\Windows\system32\IPHLPAPI.DLL
[0822/132836.902:ERROR:process_memory_win.cc(73)] ReadMemory at 0x7fefa9b0000 of 64 bytes failed: Only part of a ReadProcessMemory or WriteProcessMemory request was completed. (0x12B)
[0822/132836.902:WARNING:pe_image_reader.cc(340)] could not read dos header from C:\Windows\system32\WINNSI.DLL
[0822/132836.902:ERROR:process_memory_win.cc(73)] ReadMemory at 0x7fefd320000 of 64 bytes failed: Only part of a ReadProcessMemory or WriteProcessMemory request was completed. (0x12B)
[0822/132836.902:WARNING:pe_image_reader.cc(340)] could not read dos header from C:\Windows\system32\WINTRUST.dll
[0822/132836.902:ERROR:process_memory_win.cc(73)] ReadMemory at 0x7fefd100000 of 64 bytes failed: Only part of a ReadProcessMemory or WriteProcessMemory request was completed. (0x12B)
[0822/132836.903:WARNING:pe_image_reader.cc(340)] could not read dos header from C:\Windows\system32\CRYPT32.dll
[0822/132836.903:ERROR:process_memory_win.cc(73)] ReadMemory at 0x7fefd050000 of 64 bytes failed: Only part of a ReadProcessMemory or WriteProcessMemory request was completed. (0x12B)
[0822/132836.903:WARNING:pe_image_reader.cc(340)] could not read dos header from C:\Windows\system32\MSASN1.dll
[0822/132836.903:ERROR:process_memory_win.cc(73)] ReadMemory at 0x7fefc2f0000 of 64 bytes failed: Only part of a ReadProcessMemory or WriteProcessMemory request was completed. (0x12B)
[0822/132836.903:WARNING:pe_image_reader.cc(340)] could not read dos header from C:\Windows\system32\USERENV.dll
[0822/132836.903:ERROR:process_memory_win.cc(73)] ReadMemory at 0x7fefcfb0000 of 64 bytes failed: Only part of a ReadProcessMemory or WriteProcessMemory request was completed. (0x12B)
[0822/132836.903:WARNING:pe_image_reader.cc(340)] could not read dos header from C:\Windows\system32\profapi.dll
[0822/132836.904:ERROR:process_memory_win.cc(73)] ReadMemory at 0x7fef4cb0000 of 64 bytes failed: Only part of a ReadProcessMemory or WriteProcessMemory request was completed. (0x12B)
[0822/132836.904:WARNING:pe_image_reader.cc(340)] could not read dos header from C:\Windows\system32\DWrite.dll
[0822/132836.904:ERROR:process_memory_win.cc(73)] ReadMemory at 0x7fef98f0000 of 64 bytes failed: Only part of a ReadProcessMemory or WriteProcessMemory request was completed. (0x12B)
[0822/132836.904:WARNING:pe_image_reader.cc(340)] could not read dos header from C:\Windows\system32\WINSPOOL.DRV
[0822/132836.904:ERROR:process_memory_win.cc(73)] ReadMemory at 0x7fef39a0000 of 64 bytes failed: Only part of a ReadProcessMemory or WriteProcessMemory request was completed. (0x12B)
[0822/132836.904:WARNING:pe_image_reader.cc(340)] could not read dos header from C:\Windows\system32\dbghelp.dll
[0822/132836.905:ERROR:process_memory_win.cc(73)] ReadMemory at 0x7fef8f00000 of 64 bytes failed: Only part of a ReadProcessMemory or WriteProcessMemory request was completed. (0x12B)
[0822/132836.905:WARNING:pe_image_reader.cc(340)] could not read dos header from C:\Windows\system32\WINHTTP.dll
[0822/132836.905:ERROR:process_memory_win.cc(73)] ReadMemory at 0x7fef8e90000 of 64 bytes failed: Only part of a ReadProcessMemory or WriteProcessMemory request was completed. (0x12B)
[0822/132836.905:WARNING:pe_image_reader.cc(340)] could not read dos header from C:\Windows\system32\webio.dll
[0822/132836.905:ERROR:process_memory_win.cc(73)] ReadMemory at 0x7fefce20000 of 64 bytes failed: Only part of a ReadProcessMemory or WriteProcessMemory request was completed. (0x12B)
[0822/132836.906:WARNING:pe_image_reader.cc(340)] could not read dos header from C:\Windows\system32\Secur32.dll
[0822/132836.906:ERROR:process_memory_win.cc(73)] ReadMemory at 0x7fefce50000 of 64 bytes failed: Only part of a ReadProcessMemory or WriteProcessMemory request was completed. (0x12B)
[0822/132836.906:WARNING:pe_image_reader.cc(340)] could not read dos header from C:\Windows\system32\SSPICLI.DLL
[0822/132836.906:ERROR:process_memory_win.cc(73)] ReadMemory at 0x7fefa7c0000 of 64 bytes failed: Only part of a ReadProcessMemory or WriteProcessMemory request was completed. (0x12B)
[0822/132836.906:WARNING:pe_image_reader.cc(340)] could not read dos header from C:\Windows\system32\dhcpcsvc.DLL
[0822/132836.906:ERROR:process_memory_win.cc(73)] ReadMemory at 0x7fefcee0000 of 64 bytes failed: Only part of a ReadProcessMemory or WriteProcessMemory request was completed. (0x12B)
[0822/132836.906:WARNING:pe_image_reader.cc(340)] could not read dos header from C:\Windows\system32\cryptbase.dll
[0822/132836.907:ERROR:process_memory_win.cc(73)] ReadMemory at 0x7fefb880000 of 64 bytes failed: Only part of a ReadProcessMemory or WriteProcessMemory request was completed. (0x12B)
[0822/132836.907:WARNING:pe_image_reader.cc(340)] could not read dos header from C:\Windows\system32\uxtheme.dll
[0822/132837.056:ERROR:process_memory_win.cc(73)] ReadMemory at 0x32b000 of 86016 bytes failed: Only part of a ReadProcessMemory or WriteProcessMemory request was completed. (0x12B)
[0822/132837.057:ERROR:process_memory_win.cc(73)] ReadMemory at 0x2dfd000 of 12288 bytes failed: Only part of a ReadProcessMemory or WriteProcessMemory request was completed. (0x12B)
[0822/132837.057:ERROR:process_memory_win.cc(73)] ReadMemory at 0x33dd000 of 12288 bytes failed: Only part of a ReadProcessMemory or WriteProcessMemory request was completed. (0x12B)
[0822/132837.057:ERROR:process_memory_win.cc(73)] ReadMemory at 0x36ec000 of 16384 bytes failed: Only part of a ReadProcessMemory or WriteProcessMemory request was completed. (0x12B)
[0822/132837.057:ERROR:process_memory_win.cc(73)] ReadMemory at 0x399f000 of 4096 bytes failed: Only part of a ReadProcessMemory or WriteProcessMemory request was completed. (0x12B)
[0822/132837.058:ERROR:process_memory_win.cc(73)] ReadMemory at 0x3c2e000 of 8192 bytes failed: Only part of a ReadProcessMemory or WriteProcessMemory request was completed. (0x12B)
[0822/132837.058:ERROR:process_memory_win.cc(73)] ReadMemory at 0x3ecd000 of 12288 bytes failed: Only part of a ReadProcessMemory or WriteProcessMemory request was completed. (0x12B)
[0822/132837.058:ERROR:process_memory_win.cc(73)] ReadMemory at 0x447b000 of 20480 bytes failed: Only part of a ReadProcessMemory or WriteProcessMemory request was completed. (0x12B)
[0822/132837.058:ERROR:process_memory_win.cc(73)] ReadMemory at 0x4979000 of 28672 bytes failed: Only part of a ReadProcessMemory or WriteProcessMemory request was completed. (0x12B)
[0822/132837.059:ERROR:process_memory_win.cc(73)] ReadMemory at 0x4d6b000 of 20480 bytes failed: Only part of a ReadProcessMemory or WriteProcessMemory request was completed. (0x12B)
[0822/132837.059:ERROR:process_memory_win.cc(73)] ReadMemory at 0x8d5d000 of 12288 bytes failed: Only part of a ReadProcessMemory or WriteProcessMemory request was completed. (0x12B)
[0822/132837.059:ERROR:process_memory_win.cc(73)] ReadMemory at 0x4745000 of 45056 bytes failed: Only part of a ReadProcessMemory or WriteProcessMemory request was completed. (0x12B)
[0822/132837.060:ERROR:process_memory_win.cc(73)] ReadMemory at 0x9038000 of 32768 bytes failed: Only part of a ReadProcessMemory or WriteProcessMemory request was completed. (0x12B)
[0822/132837.060:ERROR:process_memory_win.cc(73)] ReadMemory at 0x2dbae000 of 8192 bytes failed: Only part of a ReadProcessMemory or WriteProcessMemory request was completed. (0x12B)
[0822/132837.191:ERROR:process_memory_win.cc(73)] ReadMemory at 0x3603a0 of 512 bytes failed: Only part of a ReadProcessMemory or WriteProcessMemory request was completed. (0x12B)
[0822/132837.192:ERROR:process_memory_win.cc(73)] ReadMemory at 0x3c1320 of 2736 bytes failed: Only part of a ReadProcessMemory or WriteProcessMemory request was completed. (0x12B)
[0822/132837.192:ERROR:process_memory_win.cc(73)] ReadMemory at 0x3c1de0 of 1012 bytes failed: Only part of a ReadProcessMemory or WriteProcessMemory request was completed. (0x12B)
[0822/132837.193:ERROR:process_memory_win.cc(73)] ReadMemory at 0x3c23e8 of 496 bytes failed: Only part of a ReadProcessMemory or WriteProcessMemory request was completed. (0x12B)
[0822/132837.193:ERROR:process_memory_win.cc(73)] ReadMemory at 0x3c25da of 118 bytes failed: Only part of a ReadProcessMemory or WriteProcessMemory request was completed. (0x12B)
[0822/132837.194:ERROR:process_memory_win.cc(73)] ReadMemory at 0x3c2652 of 834 bytes failed: Only part of a ReadProcessMemory or WriteProcessMemory request was completed. (0x12B)
[0822/132837.194:ERROR:process_memory_win.cc(73)] ReadMemory at 0x3c2996 of 118 bytes failed: Only part of a ReadProcessMemory or WriteProcessMemory request was completed. (0x12B)
[0822/132837.194:ERROR:process_memory_win.cc(73)] ReadMemory at 0x3c2a0e of 98 bytes failed: Only part of a ReadProcessMemory or WriteProcessMemory request was completed. (0x12B)
[0822/132837.195:ERROR:process_memory_win.cc(73)] ReadMemory at 0x3c2a80 of 58 bytes failed: Only part of a ReadProcessMemory or WriteProcessMemory request was completed. (0x12B)
[0822/132837.195:ERROR:process_memory_win.cc(73)] ReadMemory at 0x3c2b10 of 132 bytes failed: Only part of a ReadProcessMemory or WriteProcessMemory request was completed. (0x12B)
[0822/132837.196:ERROR:process_memory_win.cc(73)] ReadMemory at 0x3c2c00 of 132 bytes failed: Only part of a ReadProcessMemory or WriteProcessMemory request was completed. (0x12B)
[0822/132837.196:ERROR:process_memory_win.cc(73)] ReadMemory at 0x3c2d18 of 126 bytes failed: Only part of a ReadProcessMemory or WriteProcessMemory request was completed. (0x12B)
[0822/132837.196:ERROR:process_memory_win.cc(73)] ReadMemory at 0x3c3000 of 64 bytes failed: Only part of a ReadProcessMemory or WriteProcessMemory request was completed. (0x12B)
[0822/132837.197:ERROR:process_memory_win.cc(73)] ReadMemory at 0x3c3050 of 132 bytes failed: Only part of a ReadProcessMemory or WriteProcessMemory request was completed. (0x12B)
[0822/132837.299:ERROR:process_memory_win.cc(73)] ReadMemory at 0x3c3170 of 68 bytes failed: Only part of a ReadProcessMemory or WriteProcessMemory request was completed. (0x12B)
[0822/132837.305:ERROR:process_memory_win.cc(73)] ReadMemory at 0x3c31c0 of 132 bytes failed: Only part of a ReadProcessMemory or WriteProcessMemory request was completed. (0x12B)
[0822/132837.620:ERROR:process_memory_win.cc(73)] ReadMemory at 0x3c4390 of 154 bytes failed: Only part of a ReadProcessMemory or WriteProcessMemory request was completed. (0x12B)
[0822/132837.621:ERROR:process_memory_win.cc(73)] ReadMemory at 0x3c4440 of 132 bytes failed: Only part of a ReadProcessMemory or WriteProcessMemory request was completed. (0x12B)
[0822/132837.621:ERROR:process_memory_win.cc(73)] ReadMemory at 0x3c4be0 of 60 bytes failed: Only part of a ReadProcessMemory or WriteProcessMemory request was completed. (0x12B)
[0822/132837.621:ERROR:process_memory_win.cc(73)] ReadMemory at 0x3c4c30 of 132 bytes failed: Only part of a ReadProcessMemory or WriteProcessMemory request was completed. (0x12B)
[0822/132837.621:ERROR:process_memory_win.cc(73)] ReadMemory at 0x3c4e70 of 62 bytes failed: Only part of a ReadProcessMemory or WriteProcessMemory request was completed. (0x12B)
[0822/132837.622:ERROR:process_memory_win.cc(73)] ReadMemory at 0x3c4ec0 of 132 bytes failed: Only part of a ReadProcessMemory or WriteProcessMemory request was completed. (0x12B)
[0822/132837.622:ERROR:process_memory_win.cc(73)] ReadMemory at 0x3eac70 of 54 bytes failed: Only part of a ReadProcessMemory or WriteProcessMemory request was completed. (0x12B)
[0822/132837.622:ERROR:process_memory_win.cc(73)] ReadMemory at 0x3ebee0 of 62 bytes failed: Only part of a ReadProcessMemory or WriteProcessMemory request was completed. (0x12B)
[0822/132837.623:ERROR:process_memory_win.cc(73)] ReadMemory at 0x3ebf30 of 132 bytes failed: Only part of a ReadProcessMemory or WriteProcessMemory request was completed. (0x12B)
[0822/132837.623:ERROR:process_memory_win.cc(73)] ReadMemory at 0x3ec020 of 62 bytes failed: Only part of a ReadProcessMemory or WriteProcessMemory request was completed. (0x12B)
[0822/132837.623:ERROR:process_memory_win.cc(73)] ReadMemory at 0x3ec070 of 132 bytes failed: Only part of a ReadProcessMemory or WriteProcessMemory request was completed. (0x12B)
[0822/132837.709:ERROR:process_memory_win.cc(73)] ReadMemory at 0x3ec160 of 58 bytes failed: Only part of a ReadProcessMemory or WriteProcessMemory request was completed. (0x12B)
[0822/132837.709:ERROR:process_memory_win.cc(73)] ReadMemory at 0x3ec1b0 of 132 bytes failed: Only part of a ReadProcessMemory or WriteProcessMemory request was completed. (0x12B)
[0822/132837.848:ERROR:process_memory_win.cc(73)] ReadMemory at 0x3ec2a0 of 60 bytes failed: Only part of a ReadProcessMemory or WriteProcessMemory request was completed. (0x12B)
[0822/132837.848:ERROR:process_memory_win.cc(73)] ReadMemory at 0x3ec2f0 of 132 bytes failed: Only part of a ReadProcessMemory or WriteProcessMemory request was completed. (0x12B)
[0822/132837.848:ERROR:process_memory_win.cc(73)] ReadMemory at 0x3ec3e0 of 132 bytes failed: Only part of a ReadProcessMemory or WriteProcessMemory request was completed. (0x12B)
[0822/132837.944:ERROR:process_memory_win.cc(73)] ReadMemory at 0x3ec4d0 of 58 bytes failed: Only part of a ReadProcessMemory or WriteProcessMemory request was completed. (0x12B)
[0822/132837.945:ERROR:process_memory_win.cc(73)] ReadMemory at 0x3ec520 of 132 bytes failed: Only part of a ReadProcessMemory or WriteProcessMemory request was completed. (0x12B)
[0822/132837.945:ERROR:process_memory_win.cc(73)] ReadMemory at 0x3ec610 of 132 bytes failed: Only part of a ReadProcessMemory or WriteProcessMemory request was completed. (0x12B)
[0822/132837.945:ERROR:process_memory_win.cc(73)] ReadMemory at 0x3ec870 of 58 bytes failed: Only part of a ReadProcessMemory or WriteProcessMemory request was completed. (0x12B)
[0822/132837.945:ERROR:process_memory_win.cc(73)] ReadMemory at 0x3ec8c0 of 58 bytes failed: Only part of a ReadProcessMemory or WriteProcessMemory request was completed. (0x12B)
[0822/132837.946:ERROR:process_memory_win.cc(73)] ReadMemory at 0x3ec910 of 58 bytes failed: Only part of a ReadProcessMemory or WriteProcessMemory request was completed. (0x12B)
[0822/132837.946:ERROR:process_memory_win.cc(73)] ReadMemory at 0x3ec960 of 64 bytes failed: Only part of a ReadProcessMemory or WriteProcessMemory request was completed. (0x12B)
[0822/132837.946:ERROR:process_memory_win.cc(73)] ReadMemory at 0x3ec9b0 of 62 bytes failed: Only part of a ReadProcessMemory or WriteProcessMemory request was completed. (0x12B)
[0822/132837.946:ERROR:process_memory_win.cc(73)] ReadMemory at 0x3eca00 of 60 bytes failed: Only part of a ReadProcessMemory or WriteProcessMemory request was completed. (0x12B)
[0822/132837.947:ERROR:process_memory_win.cc(73)] ReadMemory at 0x3eca50 of 64 bytes failed: Only part of a ReadProcessMemory or WriteProcessMemory request was completed. (0x12B)
[0822/132837.947:ERROR:process_memory_win.cc(73)] ReadMemory at 0x3ecaa0 of 58 bytes failed: Only part of a ReadProcessMemory or WriteProcessMemory request was completed. (0x12B)
[0822/132838.049:ERROR:process_memory_win.cc(73)] ReadMemory at 0x3ecaf0 of 60 bytes failed: Only part of a ReadProcessMemory or WriteProcessMemory request was completed. (0x12B)
[0822/132838.049:ERROR:process_memory_win.cc(73)] ReadMemory at 0x3ecb40 of 64 bytes failed: Only part of a ReadProcessMemory or WriteProcessMemory request was completed. (0x12B)
[0822/132838.049:ERROR:process_memory_win.cc(73)] ReadMemory at 0x3ecb90 of 60 bytes failed: Only part of a ReadProcessMemory or WriteProcessMemory request was completed. (0x12B)
[0822/132838.050:ERROR:process_memory_win.cc(73)] ReadMemory at 0x3ecbe0 of 64 bytes failed: Only part of a ReadProcessMemory or WriteProcessMemory request was completed. (0x12B)
[0822/132838.050:ERROR:process_memory_win.cc(73)] ReadMemory at 0x3ecc30 of 62 bytes failed: Only part of a ReadProcessMemory or WriteProcessMemory request was completed. (0x12B)
[0822/132838.050:ERROR:process_memory_win.cc(73)] ReadMemory at 0x3ecc80 of 60 bytes failed: Only part of a ReadProcessMemory or WriteProcessMemory request was completed. (0x12B)
[0822/132838.050:ERROR:process_memory_win.cc(73)] ReadMemory at 0x3eccd0 of 62 bytes failed: Only part of a ReadProcessMemory or WriteProcessMemory request was completed. (0x12B)
[0822/132838.051:ERROR:process_memory_win.cc(73)] ReadMemory at 0x3ecd20 of 62 bytes failed: Only part of a ReadProcessMemory or WriteProcessMemory request was completed. (0x12B)
[0822/132838.051:ERROR:process_memory_win.cc(73)] ReadMemory at 0x3ecd70 of 60 bytes failed: Only part of a ReadProcessMemory or WriteProcessMemory request was completed. (0x12B)
[0822/132838.051:ERROR:process_memory_win.cc(73)] ReadMemory at 0x3ecdc0 of 64 bytes failed: Only part of a ReadProcessMemory or WriteProcessMemory request was completed. (0x12B)
[0822/132838.051:ERROR:process_memory_win.cc(73)] ReadMemory at 0x3ece10 of 62 bytes failed: Only part of a ReadProcessMemory or WriteProcessMemory request was completed. (0x12B)
[0822/132838.052:ERROR:process_memory_win.cc(73)] ReadMemory at 0x3ece60 of 62 bytes failed: Only part of a ReadProcessMemory or WriteProcessMemory request was completed. (0x12B)
[0822/132838.052:ERROR:process_memory_win.cc(73)] ReadMemory at 0x3eceb0 of 58 bytes failed: Only part of a ReadProcessMemory or WriteProcessMemory request was completed. (0x12B)
[0822/132838.052:ERROR:process_memory_win.cc(73)] ReadMemory at 0x3ecf00 of 62 bytes failed: Only part of a ReadProcessMemory or WriteProcessMemory request was completed. (0x12B)
[0822/132838.052:ERROR:process_memory_win.cc(73)] ReadMemory at 0x3ecf50 of 62 bytes failed: Only part of a ReadProcessMemory or WriteProcessMemory request was completed. (0x12B)
[0822/132838.053:ERROR:process_memory_win.cc(73)] ReadMemory at 0x3ecfa0 of 64 bytes failed: Only part of a ReadProcessMemory or WriteProcessMemory request was completed. (0x12B)
[0822/132838.053:ERROR:process_memory_win.cc(73)] ReadMemory at 0x3ed840 of 132 bytes failed: Only part of a ReadProcessMemory or WriteProcessMemory request was completed. (0x12B)
[0822/132838.053:ERROR:process_memory_win.cc(73)] ReadMemory at 0x3ef600 of 54 bytes failed: Only part of a ReadProcessMemory or WriteProcessMemory request was completed. (0x12B)
[0822/132838.053:ERROR:process_memory_win.cc(73)] ReadMemory at 0x3f0cb0 of 132 bytes failed: Only part of a ReadProcessMemory or WriteProcessMemory request was completed. (0x12B)
[0822/132838.054:ERROR:process_memory_win.cc(73)] ReadMemory at 0x3f0da0 of 158 bytes failed: Only part of a ReadProcessMemory or WriteProcessMemory request was completed. (0x12B)
[0822/132838.054:ERROR:process_memory_win.cc(73)] ReadMemory at 0x3f0e60 of 132 bytes failed: Only part of a ReadProcessMemory or WriteProcessMemory request was completed. (0x12B)
[0822/132838.054:ERROR:process_memory_win.cc(73)] ReadMemory at 0x3f1230 of 132 bytes failed: Only part of a ReadProcessMemory or WriteProcessMemory request was completed. (0x12B)
[0822/132838.055:ERROR:process_memory_win.cc(73)] ReadMemory at 0x3f1320 of 132 bytes failed: Only part of a ReadProcessMemory or WriteProcessMemory request was completed. (0x12B)
[0822/132838.055:ERROR:process_memory_win.cc(73)] ReadMemory at 0x3f1410 of 132 bytes failed: Only part of a ReadProcessMemory or WriteProcessMemory request was completed. (0x12B)
[0822/132838.174:ERROR:process_memory_win.cc(73)] ReadMemory at 0x3f1500 of 132 bytes failed: Only part of a ReadProcessMemory or WriteProcessMemory request was completed. (0x12B)
[0822/132838.276:ERROR:process_memory_win.cc(73)] ReadMemory at 0x3f15f0 of 132 bytes failed: Only part of a ReadProcessMemory or WriteProcessMemory request was completed. (0x12B)
[0822/132838.276:ERROR:process_memory_win.cc(73)] ReadMemory at 0x3f16e0 of 132 bytes failed: Only part of a ReadProcessMemory or WriteProcessMemory request was completed. (0x12B)
[0822/132838.564:ERROR:process_memory_win.cc(73)] ReadMemory at 0x3f17d0 of 132 bytes failed: Only part of a ReadProcessMemory or WriteProcessMemory request was completed. (0x12B)
[0822/132838.564:ERROR:process_memory_win.cc(73)] ReadMemory at 0x3f18c0 of 132 bytes failed: Only part of a ReadProcessMemory or WriteProcessMemory request was completed. (0x12B)
[0822/132838.564:ERROR:process_memory_win.cc(73)] ReadMemory at 0x3f19b0 of 132 bytes failed: Only part of a ReadProcessMemory or WriteProcessMemory request was completed. (0x12B)
[0822/132838.565:ERROR:process_memory_win.cc(73)] ReadMemory at 0x3f1aa0 of 132 bytes failed: Only part of a ReadProcessMemory or WriteProcessMemory request was completed. (0x12B)
[0822/132838.565:ERROR:process_memory_win.cc(73)] ReadMemory at 0x3f1b90 of 132 bytes failed: Only part of a ReadProcessMemory or WriteProcessMemory request was completed. (0x12B)
[0822/132838.565:ERROR:process_memory_win.cc(73)] ReadMemory at 0x3f1c80 of 132 bytes failed: Only part of a ReadProcessMemory or WriteProcessMemory request was completed. (0x12B)
[0822/132838.565:ERROR:process_memory_win.cc(73)] ReadMemory at 0x3f1d70 of 132 bytes failed: Only part of a ReadProcessMemory or WriteProcessMemory request was completed. (0x12B)
[0822/132838.566:ERROR:process_memory_win.cc(73)] ReadMemory at 0x3f1e60 of 132 bytes failed: Only part of a ReadProcessMemory or WriteProcessMemory request was completed. (0x12B)
[0822/132838.566:ERROR:process_memory_win.cc(73)] ReadMemory at 0x3f1f50 of 132 bytes failed: Only part of a ReadProcessMemory or WriteProcessMemory request was completed. (0x12B)
[0822/132838.566:ERROR:process_memory_win.cc(73)] ReadMemory at 0x3f2040 of 132 bytes failed: Only part of a ReadProcessMemory or WriteProcessMemory request was completed. (0x12B)
[0822/132838.820:ERROR:process_memory_win.cc(73)] ReadMemory at 0x3f2130 of 132 bytes failed: Only part of a ReadProcessMemory or WriteProcessMemory request was completed. (0x12B)
[0822/132838.951:ERROR:process_memory_win.cc(73)] ReadMemory at 0x3f2220 of 132 bytes failed: Only part of a ReadProcessMemory or WriteProcessMemory request was completed. (0x12B)
[0822/132839.165:ERROR:process_memory_win.cc(73)] ReadMemory at 0x3f2310 of 132 bytes failed: Only part of a ReadProcessMemory or WriteProcessMemory request was completed. (0x12B)
[0822/132839.165:ERROR:process_memory_win.cc(73)] ReadMemory at 0x3f2400 of 132 bytes failed: Only part of a ReadProcessMemory or WriteProcessMemory request was completed. (0x12B)
[0822/132839.166:ERROR:process_memory_win.cc(73)] ReadMemory at 0x3f24f0 of 132 bytes failed: Only part of a ReadProcessMemory or WriteProcessMemory request was completed. (0x12B)
[0822/132839.271:ERROR:process_memory_win.cc(73)] ReadMemory at 0x3f25e0 of 132 bytes failed: Only part of a ReadProcessMemory or WriteProcessMemory request was completed. (0x12B)
[0822/132839.299:ERROR:process_memory_win.cc(73)] ReadMemory at 0x3f26d0 of 132 bytes failed: Only part of a ReadProcessMemory or WriteProcessMemory request was completed. (0x12B)
[0822/132839.300:ERROR:process_memory_win.cc(73)] ReadMemory at 0x3ffdf0 of 66 bytes failed: Only part of a ReadProcessMemory or WriteProcessMemory request was completed. (0x12B)
[0822/132839.300:ERROR:process_memory_win.cc(73)] ReadMemory at 0x40ac80 of 512 bytes failed: Only part of a ReadProcessMemory or WriteProcessMemory request was completed. (0x12B)
[0822/132839.502:ERROR:process_memory_win.cc(73)] ReadMemory at 0x40b0e0 of 512 bytes failed: Only part of a ReadProcessMemory or WriteProcessMemory request was completed. (0x12B)
[0822/132839.502:ERROR:process_memory_win.cc(73)] ReadMemory at 0x7574b0 of 512 bytes failed: Only part of a ReadProcessMemory or WriteProcessMemory request was completed. (0x12B)
[0822/132839.503:ERROR:process_memory_win.cc(73)] ReadMemory at 0x10d0000 of 384 bytes failed: Only part of a ReadProcessMemory or WriteProcessMemory request was completed. (0x12B)
[0822/132839.503:ERROR:process_memory_win.cc(73)] ReadMemory at 0x1137bd0 of 512 bytes failed: Only part of a ReadProcessMemory or WriteProcessMemory request was completed. (0x12B)
[0822/132839.503:ERROR:process_memory_win.cc(73)] ReadMemory at 0x1141900 of 512 bytes failed: Only part of a ReadProcessMemory or WriteProcessMemory request was completed. (0x12B)
[0822/132839.573:ERROR:process_memory_win.cc(73)] ReadMemory at 0x1146730 of 512 bytes failed: Only part of a ReadProcessMemory or WriteProcessMemory request was completed. (0x12B)
[0822/132839.574:ERROR:process_memory_win.cc(73)] ReadMemory at 0x1146f10 of 800 bytes failed: Only part of a ReadProcessMemory or WriteProcessMemory request was completed. (0x12B)
[0822/132839.574:ERROR:process_memory_win.cc(73)] ReadMemory at 0x29f9f30 of 512 bytes failed: Only part of a ReadProcessMemory or WriteProcessMemory request was completed. (0x12B)
[0822/132839.655:ERROR:process_memory_win.cc(73)] ReadMemory at 0x2a01120 of 512 bytes failed: Only part of a ReadProcessMemory or WriteProcessMemory request was completed. (0x12B)
[0822/132839.656:ERROR:process_memory_win.cc(73)] ReadMemory at 0x2a17a00 of 712 bytes failed: Only part of a ReadProcessMemory or WriteProcessMemory request was completed. (0x12B)
[0822/132839.656:ERROR:process_memory_win.cc(73)] ReadMemory at 0x2a18730 of 512 bytes failed: Only part of a ReadProcessMemory or WriteProcessMemory request was completed. (0x12B)
[0822/132839.656:ERROR:process_memory_win.cc(73)] ReadMemory at 0x2a1ba90 of 512 bytes failed: Only part of a ReadProcessMemory or WriteProcessMemory request was completed. (0x12B)
[0822/132839.656:ERROR:process_memory_win.cc(73)] ReadMemory at 0x3f06400 of 512 bytes failed: Only part of a ReadProcessMemory or WriteProcessMemory request was completed. (0x12B)
[0822/132839.657:ERROR:process_memory_win.cc(73)] ReadMemory at 0x3f1c448 of 512 bytes failed: Only part of a ReadProcessMemory or WriteProcessMemory request was completed. (0x12B)
[0822/132839.657:ERROR:process_memory_win.cc(73)] ReadMemory at 0x3f1e600 of 704 bytes failed: Only part of a ReadProcessMemory or WriteProcessMemory request was completed. (0x12B)
[0822/132839.747:ERROR:process_memory_win.cc(73)] ReadMemory at 0x4026a60 of 512 bytes failed: Only part of a ReadProcessMemory or WriteProcessMemory request was completed. (0x12B)
[0822/132839.748:ERROR:process_memory_win.cc(73)] ReadMemory at 0x4e4a7c2 of 512 bytes failed: Only part of a ReadProcessMemory or WriteProcessMemory request was completed. (0x12B)
[0822/132839.812:ERROR:process_memory_win.cc(73)] ReadMemory at 0x53993d0 of 512 bytes failed: Only part of a ReadProcessMemory or WriteProcessMemory request was completed. (0x12B)
[0822/132839.812:ERROR:process_memory_win.cc(73)] ReadMemory at 0x588c650 of 528 bytes failed: Only part of a ReadProcessMemory or WriteProcessMemory request was completed. (0x12B)
[0822/132839.813:ERROR:process_memory_win.cc(73)] ReadMemory at 0x5bb9fb0 of 512 bytes failed: Only part of a ReadProcessMemory or WriteProcessMemory request was completed. (0x12B)
[0822/132839.813:ERROR:process_memory_win.cc(73)] ReadMemory at 0x945aae0 of 512 bytes failed: Only part of a ReadProcessMemory or WriteProcessMemory request was completed. (0x12B)
[0822/132840.066:ERROR:process_memory_win.cc(73)] ReadMemory at 0x98d88d0 of 512 bytes failed: Only part of a ReadProcessMemory or WriteProcessMemory request was completed. (0x12B)
[0822/132840.066:ERROR:process_memory_win.cc(73)] ReadMemory at 0x76f4f4e0 of 512 bytes failed: Only part of a ReadProcessMemory or WriteProcessMemory request was completed. (0x12B)
[0822/132840.067:ERROR:process_memory_win.cc(73)] ReadMemory at 0x77068e80 of 512 bytes failed: Only part of a ReadProcessMemory or WriteProcessMemory request was completed. (0x12B)
[0822/132840.067:ERROR:process_memory_win.cc(73)] ReadMemory at 0x77069a10 of 512 bytes failed: Only part of a ReadProcessMemory or WriteProcessMemory request was completed. (0x12B)
[0822/132840.067:ERROR:process_memory_win.cc(73)] ReadMemory at 0x7709fe7a of 592 bytes failed: Only part of a ReadProcessMemory or WriteProcessMemory request was completed. (0x12B)
[0822/132840.067:ERROR:process_memory_win.cc(73)] ReadMemory at 0x770a03ea of 512 bytes failed: Only part of a ReadProcessMemory or WriteProcessMemory request was completed. (0x12B)
[0822/132840.141:ERROR:process_memory_win.cc(73)] ReadMemory at 0x770a172a of 528 bytes failed: Only part of a ReadProcessMemory or WriteProcessMemory request was completed. (0x12B)
[0822/132840.364:ERROR:process_memory_win.cc(73)] ReadMemory at 0x771541f0 of 1064 bytes failed: Only part of a ReadProcessMemory or WriteProcessMemory request was completed. (0x12B)
[0822/132840.472:ERROR:process_memory_win.cc(73)] ReadMemory at 0x77167270 of 18 bytes failed: Only part of a ReadProcessMemory or WriteProcessMemory request was completed. (0x12B)
[0822/132840.593:ERROR:process_memory_win.cc(73)] ReadMemory at 0x77183640 of 64 bytes failed: Only part of a ReadProcessMemory or WriteProcessMemory request was completed. (0x12B)
[0822/132840.676:ERROR:process_memory_win.cc(73)] ReadMemory at 0x77188100 of 48 bytes failed: Only part of a ReadProcessMemory or WriteProcessMemory request was completed. (0x12B)
[0822/132840.676:ERROR:process_memory_win.cc(73)] ReadMemory at 0x77188490 of 40 bytes failed: Only part of a ReadProcessMemory or WriteProcessMemory request was completed. (0x12B)
[0822/132840.677:ERROR:process_memory_win.cc(73)] ReadMemory at 0x122cc9fe728 of 512 bytes failed: Only part of a ReadProcessMemory or WriteProcessMemory request was completed. (0x12B)
[0822/132840.677:ERROR:process_memory_win.cc(73)] ReadMemory at 0x2d03d4a8f80 of 512 bytes failed: Only part of a ReadProcessMemory or WriteProcessMemory request was completed. (0x12B)
[0822/132840.677:ERROR:process_memory_win.cc(73)] ReadMemory at 0x7fede47ced0 of 512 bytes failed: Only part of a ReadProcessMemory or WriteProcessMemory request was completed. (0x12B)
[0822/132840.677:ERROR:process_memory_win.cc(73)] ReadMemory at 0x7fef478580a of 512 bytes failed: Only part of a ReadProcessMemory or WriteProcessMemory request was completed. (0x12B)
[0822/132840.678:ERROR:process_memory_win.cc(73)] ReadMemory at 0x7fef4786061 of 512 bytes failed: Only part of a ReadProcessMemory or WriteProcessMemory request was completed. (0x12B)
[0822/132840.678:ERROR:process_memory_win.cc(73)] ReadMemory at 0x7fffffa0000 of 6024 bytes failed: Only part of a ReadProcessMemory or WriteProcessMemory request was completed. (0x12B)
[0822/132840.678:ERROR:process_memory_win.cc(73)] ReadMemory at 0x7fffffa2000 of 6024 bytes failed: Only part of a ReadProcessMemory or WriteProcessMemory request was completed. (0x12B)
[0822/132840.679:ERROR:process_memory_win.cc(73)] ReadMemory at 0x7fffffa4000 of 6024 bytes failed: Only part of a ReadProcessMemory or WriteProcessMemory request was completed. (0x12B)
[0822/132840.679:ERROR:process_memory_win.cc(73)] ReadMemory at 0x7fffffa6000 of 6024 bytes failed: Only part of a ReadProcessMemory or WriteProcessMemory request was completed. (0x12B)
[0822/132840.680:ERROR:process_memory_win.cc(73)] ReadMemory at 0x7fffffa8000 of 6024 bytes failed: Only part of a ReadProcessMemory or WriteProcessMemory request was completed. (0x12B)
[0822/132840.680:ERROR:process_memory_win.cc(73)] ReadMemory at 0x7fffffaa000 of 6024 bytes failed: Only part of a ReadProcessMemory or WriteProcessMemory request was completed. (0x12B)
[0822/132840.680:ERROR:process_memory_win.cc(73)] ReadMemory at 0x7fffffac000 of 6024 bytes failed: Only part of a ReadProcessMemory or WriteProcessMemory request was completed. (0x12B)
[0822/132840.681:ERROR:process_memory_win.cc(73)] ReadMemory at 0x7fffffae000 of 6024 bytes failed: Only part of a ReadProcessMemory or WriteProcessMemory request was completed. (0x12B)
[0822/132840.681:ERROR:process_memory_win.cc(73)] ReadMemory at 0x7fffffd3000 of 6024 bytes failed: Only part of a ReadProcessMemory or WriteProcessMemory request was completed. (0x12B)
[0822/132840.682:ERROR:process_memory_win.cc(73)] ReadMemory at 0x7fffffd5000 of 6024 bytes failed: Only part of a ReadProcessMemory or WriteProcessMemory request was completed. (0x12B)
[0822/132840.682:ERROR:process_memory_win.cc(73)] ReadMemory at 0x7fffffd7000 of 6024 bytes failed: Only part of a ReadProcessMemory or WriteProcessMemory request was completed. (0x12B)
[0822/132840.683:ERROR:process_memory_win.cc(73)] ReadMemory at 0x7fffffd9000 of 852 bytes failed: Only part of a ReadProcessMemory or WriteProcessMemory request was completed. (0x12B)
[0822/132840.683:ERROR:process_memory_win.cc(73)] ReadMemory at 0x7fffffda000 of 6024 bytes failed: Only part of a ReadProcessMemory or WriteProcessMemory request was completed. (0x12B)
[0822/132840.683:ERROR:process_memory_win.cc(73)] ReadMemory at 0x7fffffdc000 of 6024 bytes failed: Only part of a ReadProcessMemory or WriteProcessMemory request was completed. (0x12B)
[0822/132840.684:ERROR:process_memory_win.cc(73)] ReadMemory at 0x7fffffde000 of 6024 bytes failed: Only part of a ReadProcessMemory or WriteProcessMemory request was completed. (0x12B)
[0822/132840.689:ERROR:scoped_process_suspend.cc(40)] NtResumeProcess: An attempt was made to access an exiting process. (0xc000010a)
[0822/132905.513:ERROR:http_transport_win.cc(276)] WinHttpSendRequest: The operation completed successfully. (0x0)
[0827/144211.997:ERROR:file_io.cc(134)] WriteFile: The pipe is being closed. (0xE8)
